<?xml version="1.0" encoding="UTF-8"?>
<testsuite xmlns:xsi="http://www.w3.org/2001/XMLSchema-instance" xsi:noNamespaceSchemaLocation="https://maven.apache.org/surefire/maven-surefire-plugin/xsd/surefire-test-report-3.0.xsd" version="3.0" name="com.haiya.user.controller.UserControllerTest" time="0.031" tests="2" errors="0" skipped="2" failures="0">
  <properties/>
  <testcase name="testCreateUser" classname="com.haiya.user.controller.UserControllerTest" time="0.0">
    <skipped message="class com.haiya.user.controller.UserControllerTest is @Disabled"/>
  </testcase>
  <testcase name="testGetUserById" classname="com.haiya.user.controller.UserControllerTest" time="0.0">
    <skipped message="class com.haiya.user.controller.UserControllerTest is @Disabled"/>
  </testcase>
</testsuite>