<?xml version="1.0" encoding="UTF-8"?>
<testsuite xmlns:xsi="http://www.w3.org/2001/XMLSchema-instance" xsi:noNamespaceSchemaLocation="https://maven.apache.org/surefire/maven-surefire-plugin/xsd/surefire-test-report-3.0.xsd" version="3.0" name="com.haiya.user.entity.UserTest" time="0.124" tests="3" errors="0" skipped="0" failures="0">
  <properties>
    <property name="java.specification.version" value="21"/>
    <property name="sun.cpu.isalist" value="amd64"/>
    <property name="sun.jnu.encoding" value="GBK"/>
    <property name="java.class.path" value="E:\root\haiya\haiya-backend\service-user\target\test-classes;E:\root\haiya\haiya-backend\service-user\target\classes;F:\Program Files\maven\mvn_resp\org\springframework\boot\spring-boot-starter-web\2.7.5\spring-boot-starter-web-2.7.5.jar;F:\Program Files\maven\mvn_resp\org\springframework\boot\spring-boot-starter\2.7.5\spring-boot-starter-2.7.5.jar;F:\Program Files\maven\mvn_resp\org\springframework\boot\spring-boot\2.7.5\spring-boot-2.7.5.jar;F:\Program Files\maven\mvn_resp\org\springframework\boot\spring-boot-autoconfigure\2.7.5\spring-boot-autoconfigure-2.7.5.jar;F:\Program Files\maven\mvn_resp\org\springframework\boot\spring-boot-starter-logging\2.7.5\spring-boot-starter-logging-2.7.5.jar;F:\Program Files\maven\mvn_resp\ch\qos\logback\logback-classic\1.2.11\logback-classic-1.2.11.jar;F:\Program Files\maven\mvn_resp\ch\qos\logback\logback-core\1.2.11\logback-core-1.2.11.jar;F:\Program Files\maven\mvn_resp\org\apache\logging\log4j\log4j-to-slf4j\2.17.2\log4j-to-slf4j-2.17.2.jar;F:\Program Files\maven\mvn_resp\org\apache\logging\log4j\log4j-api\2.17.2\log4j-api-2.17.2.jar;F:\Program Files\maven\mvn_resp\org\slf4j\jul-to-slf4j\1.7.36\jul-to-slf4j-1.7.36.jar;F:\Program Files\maven\mvn_resp\jakarta\annotation\jakarta.annotation-api\1.3.5\jakarta.annotation-api-1.3.5.jar;F:\Program Files\maven\mvn_resp\org\yaml\snakeyaml\1.30\snakeyaml-1.30.jar;F:\Program Files\maven\mvn_resp\org\springframework\boot\spring-boot-starter-json\2.7.5\spring-boot-starter-json-2.7.5.jar;F:\Program Files\maven\mvn_resp\com\fasterxml\jackson\datatype\jackson-datatype-jdk8\2.13.4\jackson-datatype-jdk8-2.13.4.jar;F:\Program Files\maven\mvn_resp\com\fasterxml\jackson\datatype\jackson-datatype-jsr310\2.13.4\jackson-datatype-jsr310-2.13.4.jar;F:\Program Files\maven\mvn_resp\com\fasterxml\jackson\module\jackson-module-parameter-names\2.13.4\jackson-module-parameter-names-2.13.4.jar;F:\Program Files\maven\mvn_resp\org\springframework\boot\spring-boot-starter-tomcat\2.7.5\spring-boot-starter-tomcat-2.7.5.jar;F:\Program Files\maven\mvn_resp\org\apache\tomcat\embed\tomcat-embed-core\9.0.68\tomcat-embed-core-9.0.68.jar;F:\Program Files\maven\mvn_resp\org\apache\tomcat\embed\tomcat-embed-el\9.0.68\tomcat-embed-el-9.0.68.jar;F:\Program Files\maven\mvn_resp\org\apache\tomcat\embed\tomcat-embed-websocket\9.0.68\tomcat-embed-websocket-9.0.68.jar;F:\Program Files\maven\mvn_resp\org\springframework\spring-web\5.3.23\spring-web-5.3.23.jar;F:\Program Files\maven\mvn_resp\org\springframework\spring-beans\5.3.23\spring-beans-5.3.23.jar;F:\Program Files\maven\mvn_resp\org\springframework\spring-webmvc\5.3.23\spring-webmvc-5.3.23.jar;F:\Program Files\maven\mvn_resp\org\springframework\spring-context\5.3.23\spring-context-5.3.23.jar;F:\Program Files\maven\mvn_resp\org\springframework\spring-expression\5.3.23\spring-expression-5.3.23.jar;F:\Program Files\maven\mvn_resp\org\springframework\boot\spring-boot-starter-data-jpa\2.7.5\spring-boot-starter-data-jpa-2.7.5.jar;F:\Program Files\maven\mvn_resp\org\springframework\boot\spring-boot-starter-aop\2.7.5\spring-boot-starter-aop-2.7.5.jar;F:\Program Files\maven\mvn_resp\org\aspectj\aspectjweaver\1.9.7\aspectjweaver-1.9.7.jar;F:\Program Files\maven\mvn_resp\org\springframework\boot\spring-boot-starter-jdbc\2.7.5\spring-boot-starter-jdbc-2.7.5.jar;F:\Program Files\maven\mvn_resp\com\zaxxer\HikariCP\4.0.3\HikariCP-4.0.3.jar;F:\Program Files\maven\mvn_resp\org\springframework\spring-jdbc\5.3.23\spring-jdbc-5.3.23.jar;F:\Program Files\maven\mvn_resp\jakarta\transaction\jakarta.transaction-api\1.3.3\jakarta.transaction-api-1.3.3.jar;F:\Program Files\maven\mvn_resp\jakarta\persistence\jakarta.persistence-api\2.2.3\jakarta.persistence-api-2.2.3.jar;F:\Program Files\maven\mvn_resp\org\hibernate\hibernate-core\5.6.12.Final\hibernate-core-5.6.12.Final.jar;F:\Program Files\maven\mvn_resp\org\jboss\logging\jboss-logging\3.4.3.Final\jboss-logging-3.4.3.Final.jar;F:\Program Files\maven\mvn_resp\net\bytebuddy\byte-buddy\1.12.18\byte-buddy-1.12.18.jar;F:\Program Files\maven\mvn_resp\antlr\antlr\2.7.7\antlr-2.7.7.jar;F:\Program Files\maven\mvn_resp\org\jboss\jandex\2.4.2.Final\jandex-2.4.2.Final.jar;F:\Program Files\maven\mvn_resp\com\fasterxml\classmate\1.5.1\classmate-1.5.1.jar;F:\Program Files\maven\mvn_resp\org\hibernate\common\hibernate-commons-annotations\5.1.2.Final\hibernate-commons-annotations-5.1.2.Final.jar;F:\Program Files\maven\mvn_resp\org\glassfish\jaxb\jaxb-runtime\2.3.7\jaxb-runtime-2.3.7.jar;F:\Program Files\maven\mvn_resp\org\glassfish\jaxb\txw2\2.3.7\txw2-2.3.7.jar;F:\Program Files\maven\mvn_resp\com\sun\istack\istack-commons-runtime\3.0.12\istack-commons-runtime-3.0.12.jar;F:\Program Files\maven\mvn_resp\com\sun\activation\jakarta.activation\1.2.2\jakarta.activation-1.2.2.jar;F:\Program Files\maven\mvn_resp\org\springframework\data\spring-data-jpa\2.7.5\spring-data-jpa-2.7.5.jar;F:\Program Files\maven\mvn_resp\org\springframework\data\spring-data-commons\2.7.5\spring-data-commons-2.7.5.jar;F:\Program Files\maven\mvn_resp\org\springframework\spring-orm\5.3.23\spring-orm-5.3.23.jar;F:\Program Files\maven\mvn_resp\org\springframework\spring-tx\5.3.23\spring-tx-5.3.23.jar;F:\Program Files\maven\mvn_resp\org\slf4j\slf4j-api\1.7.36\slf4j-api-1.7.36.jar;F:\Program Files\maven\mvn_resp\org\springframework\spring-aspects\5.3.23\spring-aspects-5.3.23.jar;F:\Program Files\maven\mvn_resp\org\springframework\cloud\spring-cloud-starter-netflix-eureka-client\3.1.4\spring-cloud-starter-netflix-eureka-client-3.1.4.jar;F:\Program Files\maven\mvn_resp\org\springframework\cloud\spring-cloud-starter\3.1.5\spring-cloud-starter-3.1.5.jar;F:\Program Files\maven\mvn_resp\org\springframework\cloud\spring-cloud-context\3.1.5\spring-cloud-context-3.1.5.jar;F:\Program Files\maven\mvn_resp\org\springframework\security\spring-security-crypto\5.7.4\spring-security-crypto-5.7.4.jar;F:\Program Files\maven\mvn_resp\org\springframework\cloud\spring-cloud-commons\3.1.5\spring-cloud-commons-3.1.5.jar;F:\Program Files\maven\mvn_resp\org\springframework\security\spring-security-rsa\1.0.11.RELEASE\spring-security-rsa-1.0.11.RELEASE.jar;F:\Program Files\maven\mvn_resp\org\bouncycastle\bcpkix-jdk15on\1.69\bcpkix-jdk15on-1.69.jar;F:\Program Files\maven\mvn_resp\org\bouncycastle\bcprov-jdk15on\1.69\bcprov-jdk15on-1.69.jar;F:\Program Files\maven\mvn_resp\org\bouncycastle\bcutil-jdk15on\1.69\bcutil-jdk15on-1.69.jar;F:\Program Files\maven\mvn_resp\org\springframework\cloud\spring-cloud-netflix-eureka-client\3.1.4\spring-cloud-netflix-eureka-client-3.1.4.jar;F:\Program Files\maven\mvn_resp\com\netflix\eureka\eureka-client\1.10.17\eureka-client-1.10.17.jar;F:\Program Files\maven\mvn_resp\com\netflix\netflix-commons\netflix-eventbus\0.3.0\netflix-eventbus-0.3.0.jar;F:\Program Files\maven\mvn_resp\com\netflix\netflix-commons\netflix-infix\0.3.0\netflix-infix-0.3.0.jar;F:\Program Files\maven\mvn_resp\commons-jxpath\commons-jxpath\1.3\commons-jxpath-1.3.jar;F:\Program Files\maven\mvn_resp\joda-time\joda-time\2.3\joda-time-2.3.jar;F:\Program Files\maven\mvn_resp\org\antlr\antlr-runtime\3.4\antlr-runtime-3.4.jar;F:\Program Files\maven\mvn_resp\org\antlr\stringtemplate\3.2.1\stringtemplate-3.2.1.jar;F:\Program Files\maven\mvn_resp\com\google\code\gson\gson\2.9.1\gson-2.9.1.jar;F:\Program Files\maven\mvn_resp\org\apache\commons\commons-math\2.2\commons-math-2.2.jar;F:\Program Files\maven\mvn_resp\com\thoughtworks\xstream\xstream\1.4.18\xstream-1.4.18.jar;F:\Program Files\maven\mvn_resp\io\github\x-stream\mxparser\1.2.2\mxparser-1.2.2.jar;F:\Program Files\maven\mvn_resp\xmlpull\xmlpull\1.1.3.1\xmlpull-1.1.3.1.jar;F:\Program Files\maven\mvn_resp\javax\ws\rs\jsr311-api\1.1.1\jsr311-api-1.1.1.jar;F:\Program Files\maven\mvn_resp\com\netflix\servo\servo-core\0.12.21\servo-core-0.12.21.jar;F:\Program Files\maven\mvn_resp\com\google\guava\guava\19.0\guava-19.0.jar;F:\Program Files\maven\mvn_resp\org\apache\httpcomponents\httpclient\4.5.13\httpclient-4.5.13.jar;F:\Program Files\maven\mvn_resp\org\apache\httpcomponents\httpcore\4.4.15\httpcore-4.4.15.jar;F:\Program Files\maven\mvn_resp\commons-codec\commons-codec\1.15\commons-codec-1.15.jar;F:\Program Files\maven\mvn_resp\commons-configuration\commons-configuration\1.10\commons-configuration-1.10.jar;F:\Program Files\maven\mvn_resp\commons-lang\commons-lang\2.6\commons-lang-2.6.jar;F:\Program Files\maven\mvn_resp\com\google\inject\guice\4.1.0\guice-4.1.0.jar;F:\Program Files\maven\mvn_resp\javax\inject\javax.inject\1\javax.inject-1.jar;F:\Program Files\maven\mvn_resp\com\fasterxml\jackson\core\jackson-annotations\2.13.4\jackson-annotations-2.13.4.jar;F:\Program Files\maven\mvn_resp\com\fasterxml\jackson\core\jackson-core\2.13.4\jackson-core-2.13.4.jar;F:\Program Files\maven\mvn_resp\org\codehaus\jettison\jettison\1.4.0\jettison-1.4.0.jar;F:\Program Files\maven\mvn_resp\com\netflix\eureka\eureka-core\1.10.17\eureka-core-1.10.17.jar;F:\Program Files\maven\mvn_resp\com\fasterxml\woodstox\woodstox-core\6.2.1\woodstox-core-6.2.1.jar;F:\Program Files\maven\mvn_resp\org\codehaus\woodstox\stax2-api\4.2.1\stax2-api-4.2.1.jar;F:\Program Files\maven\mvn_resp\org\springframework\cloud\spring-cloud-starter-loadbalancer\3.1.5\spring-cloud-starter-loadbalancer-3.1.5.jar;F:\Program Files\maven\mvn_resp\org\springframework\cloud\spring-cloud-loadbalancer\3.1.5\spring-cloud-loadbalancer-3.1.5.jar;F:\Program Files\maven\mvn_resp\io\projectreactor\reactor-core\3.4.24\reactor-core-3.4.24.jar;F:\Program Files\maven\mvn_resp\org\reactivestreams\reactive-streams\1.0.4\reactive-streams-1.0.4.jar;F:\Program Files\maven\mvn_resp\io\projectreactor\addons\reactor-extra\3.4.8\reactor-extra-3.4.8.jar;F:\Program Files\maven\mvn_resp\org\springframework\boot\spring-boot-starter-cache\2.7.5\spring-boot-starter-cache-2.7.5.jar;F:\Program Files\maven\mvn_resp\org\springframework\spring-context-support\5.3.23\spring-context-support-5.3.23.jar;F:\Program Files\maven\mvn_resp\com\stoyanr\evictor\1.0.0\evictor-1.0.0.jar;F:\Program Files\maven\mvn_resp\org\springframework\boot\spring-boot-starter-security\2.7.5\spring-boot-starter-security-2.7.5.jar;F:\Program Files\maven\mvn_resp\org\springframework\spring-aop\5.3.23\spring-aop-5.3.23.jar;F:\Program Files\maven\mvn_resp\org\springframework\security\spring-security-config\5.7.4\spring-security-config-5.7.4.jar;F:\Program Files\maven\mvn_resp\org\springframework\security\spring-security-core\5.7.4\spring-security-core-5.7.4.jar;F:\Program Files\maven\mvn_resp\org\springframework\security\spring-security-web\5.7.4\spring-security-web-5.7.4.jar;F:\Program Files\maven\mvn_resp\org\springframework\boot\spring-boot-starter-actuator\2.7.5\spring-boot-starter-actuator-2.7.5.jar;F:\Program Files\maven\mvn_resp\org\springframework\boot\spring-boot-actuator-autoconfigure\2.7.5\spring-boot-actuator-autoconfigure-2.7.5.jar;F:\Program Files\maven\mvn_resp\org\springframework\boot\spring-boot-actuator\2.7.5\spring-boot-actuator-2.7.5.jar;F:\Program Files\maven\mvn_resp\io\micrometer\micrometer-core\1.9.5\micrometer-core-1.9.5.jar;F:\Program Files\maven\mvn_resp\org\hdrhistogram\HdrHistogram\2.1.12\HdrHistogram-2.1.12.jar;F:\Program Files\maven\mvn_resp\org\latencyutils\LatencyUtils\2.0.3\LatencyUtils-2.0.3.jar;F:\Program Files\maven\mvn_resp\io\micrometer\micrometer-registry-prometheus\1.9.5\micrometer-registry-prometheus-1.9.5.jar;F:\Program Files\maven\mvn_resp\io\prometheus\simpleclient_common\0.15.0\simpleclient_common-0.15.0.jar;F:\Program Files\maven\mvn_resp\io\prometheus\simpleclient\0.15.0\simpleclient-0.15.0.jar;F:\Program Files\maven\mvn_resp\io\prometheus\simpleclient_tracer_otel\0.15.0\simpleclient_tracer_otel-0.15.0.jar;F:\Program Files\maven\mvn_resp\io\prometheus\simpleclient_tracer_common\0.15.0\simpleclient_tracer_common-0.15.0.jar;F:\Program Files\maven\mvn_resp\io\prometheus\simpleclient_tracer_otel_agent\0.15.0\simpleclient_tracer_otel_agent-0.15.0.jar;F:\Program Files\maven\mvn_resp\org\apache\skywalking\apm-toolkit-trace\8.10.0\apm-toolkit-trace-8.10.0.jar;F:\Program Files\maven\mvn_resp\org\apache\skywalking\apm-toolkit-logback-1.x\8.10.0\apm-toolkit-logback-1.x-8.10.0.jar;F:\Program Files\maven\mvn_resp\io\jsonwebtoken\jjwt\0.9.1\jjwt-0.9.1.jar;F:\Program Files\maven\mvn_resp\com\fasterxml\jackson\core\jackson-databind\2.13.4.2\jackson-databind-2.13.4.2.jar;F:\Program Files\maven\mvn_resp\com\mysql\mysql-connector-j\8.0.33\mysql-connector-j-8.0.33.jar;F:\Program Files\maven\mvn_resp\com\google\protobuf\protobuf-java\3.21.9\protobuf-java-3.21.9.jar;F:\Program Files\maven\mvn_resp\org\springframework\boot\spring-boot-starter-test\2.7.5\spring-boot-starter-test-2.7.5.jar;F:\Program Files\maven\mvn_resp\org\springframework\boot\spring-boot-test\2.7.5\spring-boot-test-2.7.5.jar;F:\Program Files\maven\mvn_resp\org\springframework\boot\spring-boot-test-autoconfigure\2.7.5\spring-boot-test-autoconfigure-2.7.5.jar;F:\Program Files\maven\mvn_resp\com\jayway\jsonpath\json-path\2.7.0\json-path-2.7.0.jar;F:\Program Files\maven\mvn_resp\net\minidev\json-smart\2.4.8\json-smart-2.4.8.jar;F:\Program Files\maven\mvn_resp\net\minidev\accessors-smart\2.4.8\accessors-smart-2.4.8.jar;F:\Program Files\maven\mvn_resp\org\ow2\asm\asm\9.1\asm-9.1.jar;F:\Program Files\maven\mvn_resp\jakarta\xml\bind\jakarta.xml.bind-api\2.3.3\jakarta.xml.bind-api-2.3.3.jar;F:\Program Files\maven\mvn_resp\jakarta\activation\jakarta.activation-api\1.2.2\jakarta.activation-api-1.2.2.jar;F:\Program Files\maven\mvn_resp\org\assertj\assertj-core\3.22.0\assertj-core-3.22.0.jar;F:\Program Files\maven\mvn_resp\org\hamcrest\hamcrest\2.2\hamcrest-2.2.jar;F:\Program Files\maven\mvn_resp\org\junit\jupiter\junit-jupiter\5.8.2\junit-jupiter-5.8.2.jar;F:\Program Files\maven\mvn_resp\org\junit\jupiter\junit-jupiter-api\5.8.2\junit-jupiter-api-5.8.2.jar;F:\Program Files\maven\mvn_resp\org\opentest4j\opentest4j\1.2.0\opentest4j-1.2.0.jar;F:\Program Files\maven\mvn_resp\org\junit\platform\junit-platform-commons\1.8.2\junit-platform-commons-1.8.2.jar;F:\Program Files\maven\mvn_resp\org\apiguardian\apiguardian-api\1.1.2\apiguardian-api-1.1.2.jar;F:\Program Files\maven\mvn_resp\org\junit\jupiter\junit-jupiter-params\5.8.2\junit-jupiter-params-5.8.2.jar;F:\Program Files\maven\mvn_resp\org\junit\jupiter\junit-jupiter-engine\5.8.2\junit-jupiter-engine-5.8.2.jar;F:\Program Files\maven\mvn_resp\org\junit\platform\junit-platform-engine\1.8.2\junit-platform-engine-1.8.2.jar;F:\Program Files\maven\mvn_resp\org\mockito\mockito-core\4.5.1\mockito-core-4.5.1.jar;F:\Program Files\maven\mvn_resp\net\bytebuddy\byte-buddy-agent\1.12.18\byte-buddy-agent-1.12.18.jar;F:\Program Files\maven\mvn_resp\org\objenesis\objenesis\3.2\objenesis-3.2.jar;F:\Program Files\maven\mvn_resp\org\mockito\mockito-junit-jupiter\4.5.1\mockito-junit-jupiter-4.5.1.jar;F:\Program Files\maven\mvn_resp\org\skyscreamer\jsonassert\1.5.1\jsonassert-1.5.1.jar;F:\Program Files\maven\mvn_resp\com\vaadin\external\google\android-json\0.0.20131108.vaadin1\android-json-0.0.20131108.vaadin1.jar;F:\Program Files\maven\mvn_resp\org\springframework\spring-core\5.3.23\spring-core-5.3.23.jar;F:\Program Files\maven\mvn_resp\org\springframework\spring-jcl\5.3.23\spring-jcl-5.3.23.jar;F:\Program Files\maven\mvn_resp\org\springframework\spring-test\5.3.23\spring-test-5.3.23.jar;F:\Program Files\maven\mvn_resp\org\xmlunit\xmlunit-core\2.9.0\xmlunit-core-2.9.0.jar;F:\Program Files\maven\mvn_resp\com\h2database\h2\2.1.214\h2-2.1.214.jar;"/>
    <property name="java.vm.vendor" value="Eclipse Adoptium"/>
    <property name="sun.arch.data.model" value="64"/>
    <property name="user.variant" value=""/>
    <property name="java.vendor.url" value="https://adoptium.net/"/>
    <property name="user.timezone" value="Asia/Shanghai"/>
    <property name="os.name" value="Windows 11"/>
    <property name="java.vm.specification.version" value="21"/>
    <property name="sun.java.launcher" value="SUN_STANDARD"/>
    <property name="user.country" value="CN"/>
    <property name="sun.boot.library.path" value="F:\Program Files\Eclipse Adoptium\jdk-21.0.8.9-hotspot\bin"/>
    <property name="sun.java.command" value="C:\Users\Administrator\AppData\Local\Temp\surefire8160709101511368785\surefirebooter-20250901142712397_3.jar C:\Users\Administrator\AppData\Local\Temp\surefire8160709101511368785 2025-09-01T14-27-12_037-jvmRun1 surefire-20250901142712397_1tmp surefire_0-20250901142712397_2tmp"/>
    <property name="jdk.debug" value="release"/>
    <property name="surefire.test.class.path" value="E:\root\haiya\haiya-backend\service-user\target\test-classes;E:\root\haiya\haiya-backend\service-user\target\classes;F:\Program Files\maven\mvn_resp\org\springframework\boot\spring-boot-starter-web\2.7.5\spring-boot-starter-web-2.7.5.jar;F:\Program Files\maven\mvn_resp\org\springframework\boot\spring-boot-starter\2.7.5\spring-boot-starter-2.7.5.jar;F:\Program Files\maven\mvn_resp\org\springframework\boot\spring-boot\2.7.5\spring-boot-2.7.5.jar;F:\Program Files\maven\mvn_resp\org\springframework\boot\spring-boot-autoconfigure\2.7.5\spring-boot-autoconfigure-2.7.5.jar;F:\Program Files\maven\mvn_resp\org\springframework\boot\spring-boot-starter-logging\2.7.5\spring-boot-starter-logging-2.7.5.jar;F:\Program Files\maven\mvn_resp\ch\qos\logback\logback-classic\1.2.11\logback-classic-1.2.11.jar;F:\Program Files\maven\mvn_resp\ch\qos\logback\logback-core\1.2.11\logback-core-1.2.11.jar;F:\Program Files\maven\mvn_resp\org\apache\logging\log4j\log4j-to-slf4j\2.17.2\log4j-to-slf4j-2.17.2.jar;F:\Program Files\maven\mvn_resp\org\apache\logging\log4j\log4j-api\2.17.2\log4j-api-2.17.2.jar;F:\Program Files\maven\mvn_resp\org\slf4j\jul-to-slf4j\1.7.36\jul-to-slf4j-1.7.36.jar;F:\Program Files\maven\mvn_resp\jakarta\annotation\jakarta.annotation-api\1.3.5\jakarta.annotation-api-1.3.5.jar;F:\Program Files\maven\mvn_resp\org\yaml\snakeyaml\1.30\snakeyaml-1.30.jar;F:\Program Files\maven\mvn_resp\org\springframework\boot\spring-boot-starter-json\2.7.5\spring-boot-starter-json-2.7.5.jar;F:\Program Files\maven\mvn_resp\com\fasterxml\jackson\datatype\jackson-datatype-jdk8\2.13.4\jackson-datatype-jdk8-2.13.4.jar;F:\Program Files\maven\mvn_resp\com\fasterxml\jackson\datatype\jackson-datatype-jsr310\2.13.4\jackson-datatype-jsr310-2.13.4.jar;F:\Program Files\maven\mvn_resp\com\fasterxml\jackson\module\jackson-module-parameter-names\2.13.4\jackson-module-parameter-names-2.13.4.jar;F:\Program Files\maven\mvn_resp\org\springframework\boot\spring-boot-starter-tomcat\2.7.5\spring-boot-starter-tomcat-2.7.5.jar;F:\Program Files\maven\mvn_resp\org\apache\tomcat\embed\tomcat-embed-core\9.0.68\tomcat-embed-core-9.0.68.jar;F:\Program Files\maven\mvn_resp\org\apache\tomcat\embed\tomcat-embed-el\9.0.68\tomcat-embed-el-9.0.68.jar;F:\Program Files\maven\mvn_resp\org\apache\tomcat\embed\tomcat-embed-websocket\9.0.68\tomcat-embed-websocket-9.0.68.jar;F:\Program Files\maven\mvn_resp\org\springframework\spring-web\5.3.23\spring-web-5.3.23.jar;F:\Program Files\maven\mvn_resp\org\springframework\spring-beans\5.3.23\spring-beans-5.3.23.jar;F:\Program Files\maven\mvn_resp\org\springframework\spring-webmvc\5.3.23\spring-webmvc-5.3.23.jar;F:\Program Files\maven\mvn_resp\org\springframework\spring-context\5.3.23\spring-context-5.3.23.jar;F:\Program Files\maven\mvn_resp\org\springframework\spring-expression\5.3.23\spring-expression-5.3.23.jar;F:\Program Files\maven\mvn_resp\org\springframework\boot\spring-boot-starter-data-jpa\2.7.5\spring-boot-starter-data-jpa-2.7.5.jar;F:\Program Files\maven\mvn_resp\org\springframework\boot\spring-boot-starter-aop\2.7.5\spring-boot-starter-aop-2.7.5.jar;F:\Program Files\maven\mvn_resp\org\aspectj\aspectjweaver\1.9.7\aspectjweaver-1.9.7.jar;F:\Program Files\maven\mvn_resp\org\springframework\boot\spring-boot-starter-jdbc\2.7.5\spring-boot-starter-jdbc-2.7.5.jar;F:\Program Files\maven\mvn_resp\com\zaxxer\HikariCP\4.0.3\HikariCP-4.0.3.jar;F:\Program Files\maven\mvn_resp\org\springframework\spring-jdbc\5.3.23\spring-jdbc-5.3.23.jar;F:\Program Files\maven\mvn_resp\jakarta\transaction\jakarta.transaction-api\1.3.3\jakarta.transaction-api-1.3.3.jar;F:\Program Files\maven\mvn_resp\jakarta\persistence\jakarta.persistence-api\2.2.3\jakarta.persistence-api-2.2.3.jar;F:\Program Files\maven\mvn_resp\org\hibernate\hibernate-core\5.6.12.Final\hibernate-core-5.6.12.Final.jar;F:\Program Files\maven\mvn_resp\org\jboss\logging\jboss-logging\3.4.3.Final\jboss-logging-3.4.3.Final.jar;F:\Program Files\maven\mvn_resp\net\bytebuddy\byte-buddy\1.12.18\byte-buddy-1.12.18.jar;F:\Program Files\maven\mvn_resp\antlr\antlr\2.7.7\antlr-2.7.7.jar;F:\Program Files\maven\mvn_resp\org\jboss\jandex\2.4.2.Final\jandex-2.4.2.Final.jar;F:\Program Files\maven\mvn_resp\com\fasterxml\classmate\1.5.1\classmate-1.5.1.jar;F:\Program Files\maven\mvn_resp\org\hibernate\common\hibernate-commons-annotations\5.1.2.Final\hibernate-commons-annotations-5.1.2.Final.jar;F:\Program Files\maven\mvn_resp\org\glassfish\jaxb\jaxb-runtime\2.3.7\jaxb-runtime-2.3.7.jar;F:\Program Files\maven\mvn_resp\org\glassfish\jaxb\txw2\2.3.7\txw2-2.3.7.jar;F:\Program Files\maven\mvn_resp\com\sun\istack\istack-commons-runtime\3.0.12\istack-commons-runtime-3.0.12.jar;F:\Program Files\maven\mvn_resp\com\sun\activation\jakarta.activation\1.2.2\jakarta.activation-1.2.2.jar;F:\Program Files\maven\mvn_resp\org\springframework\data\spring-data-jpa\2.7.5\spring-data-jpa-2.7.5.jar;F:\Program Files\maven\mvn_resp\org\springframework\data\spring-data-commons\2.7.5\spring-data-commons-2.7.5.jar;F:\Program Files\maven\mvn_resp\org\springframework\spring-orm\5.3.23\spring-orm-5.3.23.jar;F:\Program Files\maven\mvn_resp\org\springframework\spring-tx\5.3.23\spring-tx-5.3.23.jar;F:\Program Files\maven\mvn_resp\org\slf4j\slf4j-api\1.7.36\slf4j-api-1.7.36.jar;F:\Program Files\maven\mvn_resp\org\springframework\spring-aspects\5.3.23\spring-aspects-5.3.23.jar;F:\Program Files\maven\mvn_resp\org\springframework\cloud\spring-cloud-starter-netflix-eureka-client\3.1.4\spring-cloud-starter-netflix-eureka-client-3.1.4.jar;F:\Program Files\maven\mvn_resp\org\springframework\cloud\spring-cloud-starter\3.1.5\spring-cloud-starter-3.1.5.jar;F:\Program Files\maven\mvn_resp\org\springframework\cloud\spring-cloud-context\3.1.5\spring-cloud-context-3.1.5.jar;F:\Program Files\maven\mvn_resp\org\springframework\security\spring-security-crypto\5.7.4\spring-security-crypto-5.7.4.jar;F:\Program Files\maven\mvn_resp\org\springframework\cloud\spring-cloud-commons\3.1.5\spring-cloud-commons-3.1.5.jar;F:\Program Files\maven\mvn_resp\org\springframework\security\spring-security-rsa\1.0.11.RELEASE\spring-security-rsa-1.0.11.RELEASE.jar;F:\Program Files\maven\mvn_resp\org\bouncycastle\bcpkix-jdk15on\1.69\bcpkix-jdk15on-1.69.jar;F:\Program Files\maven\mvn_resp\org\bouncycastle\bcprov-jdk15on\1.69\bcprov-jdk15on-1.69.jar;F:\Program Files\maven\mvn_resp\org\bouncycastle\bcutil-jdk15on\1.69\bcutil-jdk15on-1.69.jar;F:\Program Files\maven\mvn_resp\org\springframework\cloud\spring-cloud-netflix-eureka-client\3.1.4\spring-cloud-netflix-eureka-client-3.1.4.jar;F:\Program Files\maven\mvn_resp\com\netflix\eureka\eureka-client\1.10.17\eureka-client-1.10.17.jar;F:\Program Files\maven\mvn_resp\com\netflix\netflix-commons\netflix-eventbus\0.3.0\netflix-eventbus-0.3.0.jar;F:\Program Files\maven\mvn_resp\com\netflix\netflix-commons\netflix-infix\0.3.0\netflix-infix-0.3.0.jar;F:\Program Files\maven\mvn_resp\commons-jxpath\commons-jxpath\1.3\commons-jxpath-1.3.jar;F:\Program Files\maven\mvn_resp\joda-time\joda-time\2.3\joda-time-2.3.jar;F:\Program Files\maven\mvn_resp\org\antlr\antlr-runtime\3.4\antlr-runtime-3.4.jar;F:\Program Files\maven\mvn_resp\org\antlr\stringtemplate\3.2.1\stringtemplate-3.2.1.jar;F:\Program Files\maven\mvn_resp\com\google\code\gson\gson\2.9.1\gson-2.9.1.jar;F:\Program Files\maven\mvn_resp\org\apache\commons\commons-math\2.2\commons-math-2.2.jar;F:\Program Files\maven\mvn_resp\com\thoughtworks\xstream\xstream\1.4.18\xstream-1.4.18.jar;F:\Program Files\maven\mvn_resp\io\github\x-stream\mxparser\1.2.2\mxparser-1.2.2.jar;F:\Program Files\maven\mvn_resp\xmlpull\xmlpull\1.1.3.1\xmlpull-1.1.3.1.jar;F:\Program Files\maven\mvn_resp\javax\ws\rs\jsr311-api\1.1.1\jsr311-api-1.1.1.jar;F:\Program Files\maven\mvn_resp\com\netflix\servo\servo-core\0.12.21\servo-core-0.12.21.jar;F:\Program Files\maven\mvn_resp\com\google\guava\guava\19.0\guava-19.0.jar;F:\Program Files\maven\mvn_resp\org\apache\httpcomponents\httpclient\4.5.13\httpclient-4.5.13.jar;F:\Program Files\maven\mvn_resp\org\apache\httpcomponents\httpcore\4.4.15\httpcore-4.4.15.jar;F:\Program Files\maven\mvn_resp\commons-codec\commons-codec\1.15\commons-codec-1.15.jar;F:\Program Files\maven\mvn_resp\commons-configuration\commons-configuration\1.10\commons-configuration-1.10.jar;F:\Program Files\maven\mvn_resp\commons-lang\commons-lang\2.6\commons-lang-2.6.jar;F:\Program Files\maven\mvn_resp\com\google\inject\guice\4.1.0\guice-4.1.0.jar;F:\Program Files\maven\mvn_resp\javax\inject\javax.inject\1\javax.inject-1.jar;F:\Program Files\maven\mvn_resp\com\fasterxml\jackson\core\jackson-annotations\2.13.4\jackson-annotations-2.13.4.jar;F:\Program Files\maven\mvn_resp\com\fasterxml\jackson\core\jackson-core\2.13.4\jackson-core-2.13.4.jar;F:\Program Files\maven\mvn_resp\org\codehaus\jettison\jettison\1.4.0\jettison-1.4.0.jar;F:\Program Files\maven\mvn_resp\com\netflix\eureka\eureka-core\1.10.17\eureka-core-1.10.17.jar;F:\Program Files\maven\mvn_resp\com\fasterxml\woodstox\woodstox-core\6.2.1\woodstox-core-6.2.1.jar;F:\Program Files\maven\mvn_resp\org\codehaus\woodstox\stax2-api\4.2.1\stax2-api-4.2.1.jar;F:\Program Files\maven\mvn_resp\org\springframework\cloud\spring-cloud-starter-loadbalancer\3.1.5\spring-cloud-starter-loadbalancer-3.1.5.jar;F:\Program Files\maven\mvn_resp\org\springframework\cloud\spring-cloud-loadbalancer\3.1.5\spring-cloud-loadbalancer-3.1.5.jar;F:\Program Files\maven\mvn_resp\io\projectreactor\reactor-core\3.4.24\reactor-core-3.4.24.jar;F:\Program Files\maven\mvn_resp\org\reactivestreams\reactive-streams\1.0.4\reactive-streams-1.0.4.jar;F:\Program Files\maven\mvn_resp\io\projectreactor\addons\reactor-extra\3.4.8\reactor-extra-3.4.8.jar;F:\Program Files\maven\mvn_resp\org\springframework\boot\spring-boot-starter-cache\2.7.5\spring-boot-starter-cache-2.7.5.jar;F:\Program Files\maven\mvn_resp\org\springframework\spring-context-support\5.3.23\spring-context-support-5.3.23.jar;F:\Program Files\maven\mvn_resp\com\stoyanr\evictor\1.0.0\evictor-1.0.0.jar;F:\Program Files\maven\mvn_resp\org\springframework\boot\spring-boot-starter-security\2.7.5\spring-boot-starter-security-2.7.5.jar;F:\Program Files\maven\mvn_resp\org\springframework\spring-aop\5.3.23\spring-aop-5.3.23.jar;F:\Program Files\maven\mvn_resp\org\springframework\security\spring-security-config\5.7.4\spring-security-config-5.7.4.jar;F:\Program Files\maven\mvn_resp\org\springframework\security\spring-security-core\5.7.4\spring-security-core-5.7.4.jar;F:\Program Files\maven\mvn_resp\org\springframework\security\spring-security-web\5.7.4\spring-security-web-5.7.4.jar;F:\Program Files\maven\mvn_resp\org\springframework\boot\spring-boot-starter-actuator\2.7.5\spring-boot-starter-actuator-2.7.5.jar;F:\Program Files\maven\mvn_resp\org\springframework\boot\spring-boot-actuator-autoconfigure\2.7.5\spring-boot-actuator-autoconfigure-2.7.5.jar;F:\Program Files\maven\mvn_resp\org\springframework\boot\spring-boot-actuator\2.7.5\spring-boot-actuator-2.7.5.jar;F:\Program Files\maven\mvn_resp\io\micrometer\micrometer-core\1.9.5\micrometer-core-1.9.5.jar;F:\Program Files\maven\mvn_resp\org\hdrhistogram\HdrHistogram\2.1.12\HdrHistogram-2.1.12.jar;F:\Program Files\maven\mvn_resp\org\latencyutils\LatencyUtils\2.0.3\LatencyUtils-2.0.3.jar;F:\Program Files\maven\mvn_resp\io\micrometer\micrometer-registry-prometheus\1.9.5\micrometer-registry-prometheus-1.9.5.jar;F:\Program Files\maven\mvn_resp\io\prometheus\simpleclient_common\0.15.0\simpleclient_common-0.15.0.jar;F:\Program Files\maven\mvn_resp\io\prometheus\simpleclient\0.15.0\simpleclient-0.15.0.jar;F:\Program Files\maven\mvn_resp\io\prometheus\simpleclient_tracer_otel\0.15.0\simpleclient_tracer_otel-0.15.0.jar;F:\Program Files\maven\mvn_resp\io\prometheus\simpleclient_tracer_common\0.15.0\simpleclient_tracer_common-0.15.0.jar;F:\Program Files\maven\mvn_resp\io\prometheus\simpleclient_tracer_otel_agent\0.15.0\simpleclient_tracer_otel_agent-0.15.0.jar;F:\Program Files\maven\mvn_resp\org\apache\skywalking\apm-toolkit-trace\8.10.0\apm-toolkit-trace-8.10.0.jar;F:\Program Files\maven\mvn_resp\org\apache\skywalking\apm-toolkit-logback-1.x\8.10.0\apm-toolkit-logback-1.x-8.10.0.jar;F:\Program Files\maven\mvn_resp\io\jsonwebtoken\jjwt\0.9.1\jjwt-0.9.1.jar;F:\Program Files\maven\mvn_resp\com\fasterxml\jackson\core\jackson-databind\2.13.4.2\jackson-databind-2.13.4.2.jar;F:\Program Files\maven\mvn_resp\com\mysql\mysql-connector-j\8.0.33\mysql-connector-j-8.0.33.jar;F:\Program Files\maven\mvn_resp\com\google\protobuf\protobuf-java\3.21.9\protobuf-java-3.21.9.jar;F:\Program Files\maven\mvn_resp\org\springframework\boot\spring-boot-starter-test\2.7.5\spring-boot-starter-test-2.7.5.jar;F:\Program Files\maven\mvn_resp\org\springframework\boot\spring-boot-test\2.7.5\spring-boot-test-2.7.5.jar;F:\Program Files\maven\mvn_resp\org\springframework\boot\spring-boot-test-autoconfigure\2.7.5\spring-boot-test-autoconfigure-2.7.5.jar;F:\Program Files\maven\mvn_resp\com\jayway\jsonpath\json-path\2.7.0\json-path-2.7.0.jar;F:\Program Files\maven\mvn_resp\net\minidev\json-smart\2.4.8\json-smart-2.4.8.jar;F:\Program Files\maven\mvn_resp\net\minidev\accessors-smart\2.4.8\accessors-smart-2.4.8.jar;F:\Program Files\maven\mvn_resp\org\ow2\asm\asm\9.1\asm-9.1.jar;F:\Program Files\maven\mvn_resp\jakarta\xml\bind\jakarta.xml.bind-api\2.3.3\jakarta.xml.bind-api-2.3.3.jar;F:\Program Files\maven\mvn_resp\jakarta\activation\jakarta.activation-api\1.2.2\jakarta.activation-api-1.2.2.jar;F:\Program Files\maven\mvn_resp\org\assertj\assertj-core\3.22.0\assertj-core-3.22.0.jar;F:\Program Files\maven\mvn_resp\org\hamcrest\hamcrest\2.2\hamcrest-2.2.jar;F:\Program Files\maven\mvn_resp\org\junit\jupiter\junit-jupiter\5.8.2\junit-jupiter-5.8.2.jar;F:\Program Files\maven\mvn_resp\org\junit\jupiter\junit-jupiter-api\5.8.2\junit-jupiter-api-5.8.2.jar;F:\Program Files\maven\mvn_resp\org\opentest4j\opentest4j\1.2.0\opentest4j-1.2.0.jar;F:\Program Files\maven\mvn_resp\org\junit\platform\junit-platform-commons\1.8.2\junit-platform-commons-1.8.2.jar;F:\Program Files\maven\mvn_resp\org\apiguardian\apiguardian-api\1.1.2\apiguardian-api-1.1.2.jar;F:\Program Files\maven\mvn_resp\org\junit\jupiter\junit-jupiter-params\5.8.2\junit-jupiter-params-5.8.2.jar;F:\Program Files\maven\mvn_resp\org\junit\jupiter\junit-jupiter-engine\5.8.2\junit-jupiter-engine-5.8.2.jar;F:\Program Files\maven\mvn_resp\org\junit\platform\junit-platform-engine\1.8.2\junit-platform-engine-1.8.2.jar;F:\Program Files\maven\mvn_resp\org\mockito\mockito-core\4.5.1\mockito-core-4.5.1.jar;F:\Program Files\maven\mvn_resp\net\bytebuddy\byte-buddy-agent\1.12.18\byte-buddy-agent-1.12.18.jar;F:\Program Files\maven\mvn_resp\org\objenesis\objenesis\3.2\objenesis-3.2.jar;F:\Program Files\maven\mvn_resp\org\mockito\mockito-junit-jupiter\4.5.1\mockito-junit-jupiter-4.5.1.jar;F:\Program Files\maven\mvn_resp\org\skyscreamer\jsonassert\1.5.1\jsonassert-1.5.1.jar;F:\Program Files\maven\mvn_resp\com\vaadin\external\google\android-json\0.0.20131108.vaadin1\android-json-0.0.20131108.vaadin1.jar;F:\Program Files\maven\mvn_resp\org\springframework\spring-core\5.3.23\spring-core-5.3.23.jar;F:\Program Files\maven\mvn_resp\org\springframework\spring-jcl\5.3.23\spring-jcl-5.3.23.jar;F:\Program Files\maven\mvn_resp\org\springframework\spring-test\5.3.23\spring-test-5.3.23.jar;F:\Program Files\maven\mvn_resp\org\xmlunit\xmlunit-core\2.9.0\xmlunit-core-2.9.0.jar;F:\Program Files\maven\mvn_resp\com\h2database\h2\2.1.214\h2-2.1.214.jar;"/>
    <property name="sun.cpu.endian" value="little"/>
    <property name="user.home" value="C:\Users\Administrator"/>
    <property name="user.language" value="zh"/>
    <property name="java.specification.vendor" value="Oracle Corporation"/>
    <property name="java.version.date" value="2025-07-15"/>
    <property name="java.home" value="F:\Program Files\Eclipse Adoptium\jdk-21.0.8.9-hotspot"/>
    <property name="file.separator" value="\"/>
    <property name="basedir" value="E:\root\haiya\haiya-backend\service-user"/>
    <property name="java.vm.compressedOopsMode" value="Zero based"/>
    <property name="line.separator" value="&#10;"/>
    <property name="java.vm.specification.vendor" value="Oracle Corporation"/>
    <property name="java.specification.name" value="Java Platform API Specification"/>
    <property name="surefire.real.class.path" value="C:\Users\Administrator\AppData\Local\Temp\surefire8160709101511368785\surefirebooter-20250901142712397_3.jar"/>
    <property name="user.script" value=""/>
    <property name="sun.management.compiler" value="HotSpot 64-Bit Tiered Compilers"/>
    <property name="java.runtime.version" value="21.0.8+9-LTS"/>
    <property name="user.name" value="Administrator"/>
    <property name="stdout.encoding" value="GBK"/>
    <property name="path.separator" value=";"/>
    <property name="os.version" value="10.0"/>
    <property name="java.runtime.name" value="OpenJDK Runtime Environment"/>
    <property name="file.encoding" value="UTF-8"/>
    <property name="java.vm.name" value="OpenJDK 64-Bit Server VM"/>
    <property name="java.vendor.version" value="Temurin-21.0.8+9"/>
    <property name="localRepository" value="F:\Program Files\maven\mvn_resp"/>
    <property name="java.vendor.url.bug" value="https://github.com/adoptium/adoptium-support/issues"/>
    <property name="java.io.tmpdir" value="C:\Users\Administrator\AppData\Local\Temp\"/>
    <property name="java.version" value="21.0.8"/>
    <property name="user.dir" value="E:\root\haiya\haiya-backend\service-user"/>
    <property name="os.arch" value="amd64"/>
    <property name="java.vm.specification.name" value="Java Virtual Machine Specification"/>
    <property name="sun.os.patch.level" value=""/>
    <property name="native.encoding" value="GBK"/>
    <property name="java.library.path" value="F:\Program Files\Eclipse Adoptium\jdk-21.0.8.9-hotspot\bin;C:\Windows\Sun\Java\bin;C:\Windows\system32;C:\Windows;F:\Program Files\Python\Scripts\;F:\Program Files\Python\;C:\Program Files\Common Files\Oracle\Java\javapath;F:\Program Files\Eclipse Adoptium\jdk-21.0.8.9-hotspot\bin;F:\Program Files\Ruby34-x64\bin;C:\Program Files (x86)\Common Files\Intel\Shared Libraries\redist\intel64\compiler;C:\Windows\system32;C:\Windows;C:\Windows\System32\Wbem;C:\Windows\System32\WindowsPowerShell\v1.0\;C:\Windows\System32\OpenSSH\;C:\Program Files (x86)\Tencent\微信web开发者工具\dll;C:\Pro;ram Files\Docker\Docker\resources\bin;C:\Users\Administrator\AppData\Local\Microsoft\WindowsApps;C:\Users\Administrator\AppData\Local\Programs\Microsoft VS Code\bin;C:\Users\Administrator\AppData\Local\GitHubDesktop\bin;C:\Users\Administrator\AppData\Roaming\npm;C:\Users\Administrator\go\bin;F:\Program Files\Eclipse Adoptium\jdk-21.0.8.9-hotspot\\bin;F:\Program Files\maven\bin;F:\Program Files\MySQL\MySQL Server 8.0\bin;F:\Users\Administrator\Desktop\SoftEnv\redis;F:\Program Files\Tencent\微信web开发者工具\dll;F:\Pro;ram Files\Go\bin;F:\Program Files\Git\cmd;F:\Docker\resources\bin;F:\Program Files\PowerShell\7\;F:\Program Files\Go\bin;F:\Program Files (x86)\Tencent\微信web开发者工具\dll;F:\Program Files\nacos\bin;F:\Program Files\Redis\;F:\Program Files\MySQL\MySQL Server 8.0\bin;C:\Windows\dll;C:\Program Files\python;C:\Program Files\python\Scripts;F:\BtSoft\panel\script;F:\Program Files\cursor ide\resources\app\bin;F:\Program Files\nodejs\;C:\ProgramData\chocolatey\bin;C:\Users\Administrator\AppData\Local\Microsoft\WindowsApps;C:\Users\Administrator\AppData\Local\Programs\Microsoft VS Code\bin;C:\Users\Administrator\go\bin;C:\Users\Administrator\AppData\Local\GitHubDesktop\bin;F:\GitHubDesktop\bin;F:\Program Files\cursor\resources\app\bin;F:\Program Files\Lingma\bin;F:\Program Files\maven\bin;F:\Program Files\MySQL\MySQL Server 8.0\bin;C:\Users\Administrator\AppData\Roaming\npm;."/>
    <property name="java.vm.info" value="mixed mode, sharing"/>
    <property name="stderr.encoding" value="GBK"/>
    <property name="java.vendor" value="Eclipse Adoptium"/>
    <property name="java.vm.version" value="21.0.8+9-LTS"/>
    <property name="sun.io.unicode.encoding" value="UnicodeLittle"/>
    <property name="java.class.version" value="65.0"/>
  </properties>
  <testcase name="testUserSettersAndGetters" classname="com.haiya.user.entity.UserTest" time="0.048"/>
  <testcase name="testUserCreation" classname="com.haiya.user.entity.UserTest" time="0.0"/>
  <testcase name="testUserPreUpdate" classname="com.haiya.user.entity.UserTest" time="0.045"/>
</testsuite>